<?xml version="1.0" encoding="UTF-8"?>
<testng-results ignored="0" total="1" passed="1" failed="0" skipped="0">
  <reporter-output>
  </reporter-output>
  <suite started-at="2021-05-30T20:04:58 IST" name="Default suite" finished-at="2021-05-30T20:05:25 IST" duration-ms="26592">
    <groups>
    </groups>
    <test started-at="2021-05-30T20:04:58 IST" name="Default test" finished-at="2021-05-30T20:05:25 IST" duration-ms="26592">
      <class name="cloudbank.test.useractivation">
        <test-method is-config="true" signature="setup()[pri:0, instance:cloudbank.test.useractivation@291b4bf5]" started-at="2021-05-30T20:04:58 IST" name="setup" finished-at="2021-05-30T20:05:01 IST" duration-ms="2413" status="PASS">
          <reporter-output>
          </reporter-output>
        </test-method> <!-- setup -->
        <test-method signature="ClientCreation()[pri:0, instance:cloudbank.test.useractivation@291b4bf5]" started-at="2021-05-30T20:05:01 IST" name="ClientCreation" finished-at="2021-05-30T20:05:24 IST" duration-ms="23210" status="PASS">
          <reporter-output>
          </reporter-output>
        </test-method> <!-- ClientCreation -->
        <test-method is-config="true" signature="teardown(org.testng.ITestResult)[pri:0, instance:cloudbank.test.useractivation@291b4bf5]" started-at="2021-05-30T20:05:24 IST" name="teardown" finished-at="2021-05-30T20:05:25 IST" duration-ms="918" status="PASS">
          <params>
            <param index="0">
              <value>
                <![CDATA[[TestResult name=ClientCreation status=SUCCESS method=useractivation.ClientCreation()[pri:0, instance:cloudbank.test.useractivation@291b4bf5] output={null}]]]>
              </value>
            </param>
          </params>
          <reporter-output>
          </reporter-output>
        </test-method> <!-- teardown -->
      </class> <!-- cloudbank.test.useractivation -->
    </test> <!-- Default test -->
  </suite> <!-- Default suite -->
</testng-results>
